2025-05-01 18:30:22 +0000 - dagster - DEBUG - etl_daily_job - d20ae4c8-7b49-42dd-9aad-da52998b00a5 - 28345 - LOGS_CAPTURED - Started capturing logs in process (pid: 28345).
2025-05-01 18:30:22 +0000 - dagster - DEBUG - etl_daily_job - d20ae4c8-7b49-42dd-9aad-da52998b00a5 - 28345 - raw_wind_power_data - STEP_START - Started execution of step "raw_wind_power_data".
INFO:etl.transform:Fetching data from http://api:8000/data with params: {'start_date': '2025-04-26T00:00:00', 'end_date': '2025-04-26T23:59:59.999999', 'columns': 'wind_speed,power'}
DEBUG:httpcore.connection:connect_tcp.started host='api' port=8000 local_address=None timeout=60.0 socket_options=None
DEBUG:httpcore.connection:connect_tcp.complete return_value=<httpcore._backends.sync.SyncStream object at 0x7f2ca7eaa640>
DEBUG:httpcore.http11:send_request_headers.started request=<Request [b'GET']>
DEBUG:httpcore.http11:send_request_headers.complete
DEBUG:httpcore.http11:send_request_body.started request=<Request [b'GET']>
DEBUG:httpcore.http11:send_request_body.complete
DEBUG:httpcore.http11:receive_response_headers.started request=<Request [b'GET']>
DEBUG:httpcore.http11:receive_response_headers.complete return_value=(b'HTTP/1.1', 200, b'OK', [(b'date', b'Thu, 01 May 2025 18:30:21 GMT'), (b'server', b'uvicorn'), (b'content-length', b'139930'), (b'content-type', b'application/json')])
INFO:httpx:HTTP Request: GET http://api:8000/data?start_date=2025-04-26T00%3A00%3A00&end_date=2025-04-26T23%3A59%3A59.999999&columns=wind_speed%2Cpower "HTTP/1.1 200 OK"
DEBUG:httpcore.http11:receive_response_body.started request=<Request [b'GET']>
DEBUG:httpcore.http11:receive_response_body.complete
DEBUG:httpcore.http11:response_closed.started
DEBUG:httpcore.http11:response_closed.complete
INFO:etl.transform:Successfully fetched 1440 records from API
DEBUG:httpcore.connection:close.started
DEBUG:httpcore.connection:close.complete
2025-05-01 18:30:23 +0000 - dagster - INFO - etl_daily_job - d20ae4c8-7b49-42dd-9aad-da52998b00a5 - raw_wind_power_data - Fetched 1440 records for date 2025-04-26
2025-05-01 18:30:23 +0000 - dagster - DEBUG - etl_daily_job - d20ae4c8-7b49-42dd-9aad-da52998b00a5 - 28345 - raw_wind_power_data - STEP_OUTPUT - Yielded output "result" of type "Any". (Type check passed).
2025-05-01 18:30:23 +0000 - dagster - DEBUG - etl_daily_job - d20ae4c8-7b49-42dd-9aad-da52998b00a5 - raw_wind_power_data - Writing file at: /opt/dagster/app/dagster_home/storage/storage/raw_wind_power_data/2025-04-26 using PickledObjectFilesystemIOManager...
INFO:alembic.runtime.migration:Context impl SQLiteImpl.
INFO:alembic.runtime.migration:Will assume non-transactional DDL.
2025-05-01 18:30:24 +0000 - dagster - DEBUG - etl_daily_job - d20ae4c8-7b49-42dd-9aad-da52998b00a5 - 28345 - raw_wind_power_data - ASSET_MATERIALIZATION - Materialized value raw_wind_power_data.
2025-05-01 18:30:24 +0000 - dagster - DEBUG - etl_daily_job - d20ae4c8-7b49-42dd-9aad-da52998b00a5 - 28345 - raw_wind_power_data - HANDLED_OUTPUT - Handled output "result" using IO manager "io_manager"
2025-05-01 18:30:25 +0000 - dagster - DEBUG - etl_daily_job - d20ae4c8-7b49-42dd-9aad-da52998b00a5 - 28345 - raw_wind_power_data - STEP_SUCCESS - Finished execution of step "raw_wind_power_data" in 2.63s.
